==================== 2025-12-31T13:04:47.012345Z | d4539a64-6a3f-4949-b3df-152d336661b6 ====================
13:04:47.012386 [info ]: Starting dbt LSP server
13:04:47.012398 [info ]: Connecting to LSP client on port 8000
13:04:47.012523 [info ]: Successfully connected to LSP client
13:04:47.012531 [info ]: Creating LSP service...
13:04:47.064601 [info ]: Creating LSP server...
13:04:47.064616 [info ]: Starting LSP server...
13:04:48.436153 [info ]: Started loading project
13:04:48.952870 [warn ]: dbt1065: Package 'dbt_utils' requires dbt version [>=1.3.0, <2.0.0], but current version is 2.0.0-preview.88. This package may not be compatible with your dbt version.
13:04:48.976296 [info ]: Finished loading project [  0.54s]
13:04:48.977421 [info ]: Started parsing
13:04:49.067303 [info ]: Finished parsing [  0.09s]
13:04:49.067521 [info ]: Cached model count updated: 8 models (estimate)
13:04:49.067531 [info ]: Cached model count updated: 8 models (accurate)
13:04:49.067599 [info ]: Started scheduling
13:04:49.067747 [info ]: Finished scheduling [  0.00s]
13:04:51.114376 [debug]: Query executed on node unknown:
SHOW OBJECTS IN SCHEMA "AIRBNB"."DEV" LIMIT 10000
13:04:52.650126 [debug]: Query executed on node unknown:
describe table "AIRBNB"."RAW"."RAW_HOSTS"
13:04:52.747995 [debug]: Query executed on node unknown:
describe table "AIRBNB"."RAW"."RAW_LISTINGS"
13:04:52.822563 [debug]: Query executed on node unknown:
describe table "AIRBNB"."RAW"."RAW_REVIEWS"
13:04:53.616212 [info ]: Started building task graph
13:04:53.616331 [warn ]: dbt1000: Detected unsafe introspection which may lead to non-deterministic static analysis. To suppress this warning, set static_analysis to 'unsafe' in the nodes' configuration. Learn more: https://docs.getdbt.com/docs/fusion/new-concepts. Nodes: 'model.airbnb.dim_hosts_cleansed' (this), 'model.airbnb.dim_listings_cleansed' (this), 'model.airbnb.dim_listings_w_hosts' (this), 'model.airbnb.fct_reviews' (this), 'model.airbnb.mart_fullmoon_reviews' (this), 'model.airbnb.src_hosts' (this), 'model.airbnb.src_listings' (this), 'model.airbnb.src_reviews' (this)
13:04:54.015502 [debug]: Query executed on node unknown:
CREATE TABLE IF NOT EXISTS DEV.audit_log ( model_name STRING, run_timestamp TIMESTAMP )
/* {"app":"dbt","dbt_version":"2.0.0","profile_name":"airbnb","target_name":"dev","connection_name":""} */
13:04:54.015998 [info ]: Finished building task graph [  0.40s]
13:04:54.019221 [info ]: Started rendering (12 nodes)
13:04:54.019302 [info ]: Started snapshot DEV.scd_raw_listings
13:04:54.019387 [debug]: Started rendering snapshot DEV.scd_raw_listings
13:04:54.019504 [info ]: Started snapshot DEV.scd_raw_hosts
13:04:54.019546 [debug]: Started rendering snapshot DEV.scd_raw_hosts
13:04:54.019612 [info ]: Started model DEV.dim_listings_w_hosts
13:04:54.019652 [debug]: Started rendering model DEV.dim_listings_w_hosts
13:04:54.019710 [info ]: Started model DEV.src_listings
13:04:54.019749 [debug]: Started rendering model DEV.src_listings
13:04:54.019802 [info ]: Started model DEV.src_hosts
13:04:54.019844 [debug]: Started rendering model DEV.src_hosts
13:04:54.019930 [info ]: Started analysis DEV.full_moon_no_sleep
13:04:54.019983 [debug]: Started rendering analysis DEV.full_moon_no_sleep
13:04:54.020048 [info ]: Started model DEV.mart_fullmoon_reviews
13:04:54.020089 [debug]: Started rendering model DEV.mart_fullmoon_reviews
13:04:54.020200 [info ]: Started seed DEV.seed_full_moon_dates
13:04:54.020248 [debug]: Started rendering seed DEV.seed_full_moon_dates
13:04:54.020321 [info ]: Started model DEV.src_reviews
13:04:54.020357 [debug]: Started rendering model DEV.src_reviews
13:04:54.026958 [debug]: Finished rendering [  0.01s] model DEV.dim_listings_w_hosts [success]
13:04:54.027154 [debug]: Finished rendering [  0.01s] snapshot DEV.scd_raw_listings [success]
13:04:54.027244 [info ]: Started analyzing (12 nodes)
13:04:54.027289 [debug]: Started analyzing snapshot DEV.scd_raw_listings
13:04:54.027368 [debug]: Finished rendering [  0.01s] snapshot DEV.scd_raw_hosts [success]
13:04:54.027424 [debug]: Started analyzing snapshot DEV.scd_raw_hosts
13:04:54.028680 [debug]: Finished rendering [  0.01s] analysis DEV.full_moon_no_sleep [success]
13:04:54.030412 [debug]: Finished rendering [  0.01s] model DEV.mart_fullmoon_reviews [success]
13:04:54.030920 [info ]: Started model DEV.dim_listings_cleansed
13:04:54.030986 [debug]: Started rendering model DEV.dim_listings_cleansed
13:04:54.031043 [debug]: Started analyzing model DEV.src_listings
13:04:54.031671 [debug]: Started analyzing model DEV.src_reviews
13:04:54.031754 [info ]: Started model DEV.fct_reviews
13:04:54.031799 [debug]: Started rendering model DEV.fct_reviews
13:04:54.032152 [debug]: Finished rendering [  0.01s] model DEV.src_reviews [success]
13:04:54.032608 [debug]: Finished rendering [  0.01s] model DEV.src_listings [success]
13:04:54.033818 [debug]: Finished rendering [  0.01s] model DEV.src_hosts [success]
13:04:54.033833 [debug]: Started analyzing model DEV.src_hosts
13:04:54.033912 [info ]: Started model DEV.dim_hosts_cleansed
13:04:54.033943 [debug]: Started rendering model DEV.dim_hosts_cleansed
13:04:54.037741 [debug]: Finished rendering [  0.01s] model DEV.dim_listings_cleansed [success]
13:04:54.040769 [debug]: Finished rendering [  0.01s] model DEV.dim_hosts_cleansed [success]
13:04:54.050715 [debug]: Finished rendering [  0.03s] seed DEV.seed_full_moon_dates [success]
13:04:54.050839 [debug]: Started analyzing seed DEV.seed_full_moon_dates
13:04:54.050946 [info ]:  Succeeded [  0.03s] seed  DEV.seed_full_moon_dates (table)
13:04:54.050983 [debug]: Finished analyzing [  0.00s] seed DEV.seed_full_moon_dates [success]
13:04:54.052407 [debug]: Finished rendering [  0.02s] model DEV.fct_reviews [success]
13:04:54.052469 [info ]: Finished rendering [  0.03s] (12 nodes, 0 skipped, 0 errors)
13:04:54.091404 [info ]:  Succeeded [  0.07s] snapshot DEV.scd_raw_hosts (table)
13:04:54.091441 [debug]: Finished analyzing [  0.06s] snapshot DEV.scd_raw_hosts [success]
13:04:54.091467 [info ]:  Succeeded [  0.07s] model DEV.src_hosts (ephemeral)
13:04:54.091493 [debug]: Finished analyzing [  0.06s] model DEV.src_hosts [success]
13:04:54.091525 [debug]: Started analyzing model DEV.dim_hosts_cleansed
13:04:54.091541 [info ]:  Succeeded [  0.07s] snapshot DEV.scd_raw_listings (table)
13:04:54.091566 [debug]: Finished analyzing [  0.06s] snapshot DEV.scd_raw_listings [success]
13:04:54.091675 [info ]:  Succeeded [  0.07s] model DEV.src_reviews (ephemeral)
13:04:54.091693 [debug]: Finished analyzing [  0.06s] model DEV.src_reviews [success]
13:04:54.091707 [debug]: Started analyzing model DEV.fct_reviews
13:04:54.091860 [info ]:  Succeeded [  0.07s] model DEV.src_listings (ephemeral)
13:04:54.091878 [debug]: Finished analyzing [  0.06s] model DEV.src_listings [success]
13:04:54.091902 [debug]: Started analyzing model DEV.dim_listings_cleansed
13:04:54.117742 [info ]:  Succeeded [  0.03s] model DEV.dim_hosts_cleansed (view)
13:04:54.117792 [debug]: Finished analyzing [  0.03s] model DEV.dim_hosts_cleansed [success]
13:04:54.130743 [info ]:  Succeeded [  0.04s] model DEV.dim_listings_cleansed (view)
13:04:54.130805 [debug]: Finished analyzing [  0.04s] model DEV.dim_listings_cleansed [success]
13:04:54.130821 [debug]: Started analyzing model DEV.dim_listings_w_hosts
13:04:54.152218 [info ]:  Succeeded [  0.03s] model DEV.dim_listings_w_hosts (table)
13:04:54.152246 [debug]: Finished analyzing [  0.02s] model DEV.dim_listings_w_hosts [success]
13:04:54.888404 [debug]: Query executed on node model.airbnb.fct_reviews:
describe table "AIRBNB"."DEV"."FCT_REVIEWS"
13:04:55.520547 [info ]:  Succeeded [  1.45s] model DEV.fct_reviews (incremental)
13:04:55.520574 [debug]: Finished analyzing [  1.43s] model DEV.fct_reviews [success]
13:04:55.520609 [debug]: Started analyzing model DEV.mart_fullmoon_reviews
13:04:55.574651 [info ]:  Succeeded [  0.06s] model DEV.mart_fullmoon_reviews (table)
13:04:55.574682 [debug]: Finished analyzing [  0.05s] model DEV.mart_fullmoon_reviews [success]
13:04:55.574700 [debug]: Started analyzing analysis DEV.full_moon_no_sleep
13:04:55.585674 [info ]:  Succeeded [  0.02s] analysis DEV.full_moon_no_sleep (analysis)
13:04:55.585701 [debug]: Finished analyzing [  0.01s] analysis DEV.full_moon_no_sleep [success]
13:04:55.585708 [info ]: Finished analyzing [  1.56s] (12 nodes, 0 skipped, 0 errors)
13:04:55.588574 [info ]: Cached model count updated: 8 models (accurate)
